Wed Feb 18 10:23:08 IST 2015


1] Bash script for groups
webonise adm cdrom sudo dip plugdev lpadmin sambashare

2]command for hostname
webonise-desktop

3] command for finding out the users logged into our system

who

10:23:57 up  1:59,  2 users,  load average: 0.11, 0.09, 0.12
USER     TTY      FROM             LOGIN@   IDLE   JCPU   PCPU WHAT
webonise :0       :0               17:19   ?xdm?  10:05   0.10s init --user
webonise pts/0    :0               10:10    5.00s  0.20s  0.00s w

w

webonise :0           2015-02-18 17:19 (:0)
webonise pts/0        2015-02-18 10:10 (:0)

4]command for type and version of operating system
Linux webonise-desktop 3.13.0-32-generic #57-Ubuntu SMP Tue Jul 15 03:51:08 UTC 2014 x86_64 x86_64 x86_64 GNU/Linux

5]command forfinding the full path

/home/webonise

6]listing the files excluding directories

/home/webonise/.mozilla/firefox/k3efzj8k.default/cookies.sqlite-wal
/home/webonise/.mozilla/firefox/k3efzj8k.default/sessionstore.bak
/home/webonise/.mozilla/firefox/k3efzj8k.default/webapps/webapps.json
/home/webonise/.mozilla/firefox/k3efzj8k.default/times.json
/home/webonise/.mozilla/firefox/k3efzj8k.default/places.sqlite
/home/webonise/.mozilla/firefox/k3efzj8k.default/content-prefs.sqlite
/home/webonise/.mozilla/firefox/k3efzj8k.default/webappsstore.sqlite
/home/webonise/.mozilla/firefox/k3efzj8k.default/webappsstore.sqlite-wal
/home/webonise/.mozilla/firefox/k3efzj8k.default/localstore.rdf
/home/webonise/.mozilla/firefox/k3efzj8k.default/key3.db
/home/webonise/.mozilla/firefox/k3efzj8k.default/extensions.json
/home/webonise/.mozilla/firefox/k3efzj8k.default/pluginreg.dat
/home/webonise/.mozilla/firefox/k3efzj8k.default/sessionstore.js
/home/webonise/.mozilla/firefox/k3efzj8k.default/extensions.ini
/home/webonise/.mozilla/firefox/k3efzj8k.default/blocklist.xml
/home/webonise/.mozilla/firefox/k3efzj8k.default/addons.json
/home/webonise/.mozilla/firefox/k3efzj8k.default/signons.sqlite
/home/webonise/.mozilla/firefox/k3efzj8k.default/cert8.db
/home/webonise/.mozilla/firefox/k3efzj8k.default/prefs.js
/home/webonise/.mozilla/firefox/k3efzj8k.default/healthreport.sqlite
/home/webonise/.mozilla/firefox/k3efzj8k.default/compatibility.ini
/home/webonise/.mozilla/firefox/k3efzj8k.default/sessionCheckpoints.json
/home/webonise/.mozilla/firefox/k3efzj8k.default/mimeTypes.rdf
/home/webonise/.mozilla/firefox/k3efzj8k.default/healthreport.sqlite-shm
/home/webonise/.mozilla/firefox/k3efzj8k.default/bookmarkbackups/bookmarks-2015-02-15_20_k0ymdO3amKKeU8BIuDol-w==.json
/home/webonise/.mozilla/firefox/k3efzj8k.default/search.json
/home/webonise/.mozilla/firefox/k3efzj8k.default/places.sqlite-wal
/home/webonise/.mozilla/firefox/k3efzj8k.default/places.sqlite-shm
/home/webonise/.mozilla/firefox/k3efzj8k.default/permissions.sqlite
/home/webonise/.mozilla/firefox/k3efzj8k.default/formhistory.sqlite
/home/webonise/.mozilla/firefox/k3efzj8k.default/crashes/store.json.mozlz4
/home/webonise/.mozilla/firefox/k3efzj8k.default/secmod.db
/home/webonise/.mozilla/firefox/k3efzj8k.default/cookies.sqlite-shm
/home/webonise/.mozilla/firefox/k3efzj8k.default/cookies.sqlite
/home/webonise/.mozilla/firefox/k3efzj8k.default/.parentlock
/home/webonise/.mozilla/firefox/k3efzj8k.default/healthreport.sqlite-wal
/home/webonise/.mozilla/firefox/k3efzj8k.default/webappsstore.sqlite-shm
/home/webonise/.mozilla/firefox/Crash Reports/InstallTime20140715214327
/home/webonise/.mozilla/firefox/profiles.ini
/home/webonise/ls
/home/webonise/.Xauthority
/home/webonise/hostname
/home/webonise/.gconf/apps/gnome-terminal/profiles/%gconf.xml
/home/webonise/.gconf/apps/gnome-terminal/profiles/Default/%gconf.xml
/home/webonise/.gconf/apps/gnome-terminal/%gconf.xml
/home/webonise/.gconf/apps/%gconf.xml
/home/webonise/.gconf/apps/nm-applet/%gconf.xml
/home/webonise/.cache/mozilla/firefox/k3efzj8k.default/thumbnails/2122c5656da3d86d77c08f7af48c0268.png
/home/webonise/.cache/mozilla/firefox/k3efzj8k.default/thumbnails/75867b2b1e2d0eda9a51ebdcf486a0de.png
/home/webonise/.cache/mozilla/firefox/k3efzj8k.default/thumbnails/885553f2624d6c0f873fa5e800bca74b.png
/home/webonise/.cache/mozilla/firefox/k3efzj8k.default/thumbnails/ac5bd7c933ec39b9571a08202633f144.png
/home/webonise/.cache/mozilla/firefox/k3efzj8k.default/thumbnails/91cce9e71d266cce391621c5c068c584.png
/home/webonise/.cache/mozilla/firefox/k3efzj8k.default/thumbnails/a242652dfce4ba075240d1d7e9ac2d5f.png
/home/webonise/.cache/mozilla/firefox/k3efzj8k.default/thumbnails/0dcea8185860923a7dd90ee4d96cefc9.png
/home/webonise/.cache/mozilla/firefox/k3efzj8k.default/thumbnails/5ea1bfa8bc6cc684bc9a9053dd593aed.png
/home/webonise/.cache/mozilla/firefox/k3efzj8k.default/thumbnails/d6f3be049bd2464b738f85a1ded8e0da.png
/home/webonise/.cache/mozilla/firefox/k3efzj8k.default/thumbnails/f1a9d8894f41159992bddce86dad7c9a.png
/home/webonise/.cache/mozilla/firefox/k3efzj8k.default/thumbnails/008ec4453ff31513f43893cba7aa31c8.png
/home/webonise/.cache/mozilla/firefox/k3efzj8k.default/thumbnails/8dbc59a18b46fb80f38da924894f4947.png
/home/webonise/.cache/mozilla/firefox/k3efzj8k.default/thumbnails/6f09751d5eb57b6c5f715fa44a3d2a32.png
/home/webonise/.cache/mozilla/firefox/k3efzj8k.default/thumbnails/adff6aebb9d10ce07293550dee1a4f38.png
/home/webonise/.cache/mozilla/firefox/k3efzj8k.default/thumbnails/59a231229088d19a604b6b4b00f0bda9.png
/home/webonise/.cache/mozilla/firefox/k3efzj8k.default/thumbnails/b51cb95178b68fd4be517fac9800bf18.png
/home/webonise/.cache/mozilla/firefox/k3efzj8k.default/thumbnails/9f82d959423f067b679a4cf9deaf3c05.png
/home/webonise/.cache/mozilla/firefox/k3efzj8k.default/thumbnails/311ce0be3e7401db0a8e8b849b8100e7.png
/home/webonise/.cache/mozilla/firefox/k3efzj8k.default/thumbnails/495a320528ee5bdeae974c787fb2acc6.png
/home/webonise/.cache/mozilla/firefox/k3efzj8k.default/thumbnails/219949d261ae8012309e96134717a90a.png
/home/webonise/.cache/mozilla/firefox/k3efzj8k.default/thumbnails/59005131bc3b52c48a364c685f10825f.png
/home/webonise/.cache/mozilla/firefox/k3efzj8k.default/thumbnails/bdecee0a6c3dabcfe1ca551e9a0ffbda.png
/home/webonise/.cache/mozilla/firefox/k3efzj8k.default/thumbnails/4555ac33a801fc19da02ed327bdb2d86.png
/home/webonise/.cache/mozilla/firefox/k3efzj8k.default/thumbnails/aeeeb36c2ff6e528fb6f3c45865e7835.png
/home/webonise/.cache/mozilla/firefox/k3efzj8k.default/thumbnails/e5fc92103e99e2959bbb7c55beb3cc32.png
/home/webonise/.cache/mozilla/firefox/k3efzj8k.default/thumbnails/c8a01cced9ce5d3c52258902315a3426.png
/home/webonise/.cache/mozilla/firefox/k3efzj8k.default/thumbnails/30c7bdc8dda10e819fbc4a432e765ad7.png
/home/webonise/.cache/mozilla/firefox/k3efzj8k.default/thumbnails/7fb733b7a8e2416a50fb2211436c6e61.png
/home/webonise/.cache/mozilla/firefox/k3efzj8k.default/thumbnails/1ea3df220c1b86020aec73d941bfcc73.png
/home/webonise/.cache/mozilla/firefox/k3efzj8k.default/thumbnails/194c380f69ac10178c256e2dc45ec492.png
/home/webonise/.cache/mozilla/firefox/k3efzj8k.default/thumbnails/38ebf60e89b662feee915cb317d0a01f.png
/home/webonise/.cache/mozilla/firefox/k3efzj8k.default/thumbnails/3c85ca248a4ebaad9673da5db54b2945.png
/home/webonise/.cache/mozilla/firefox/k3efzj8k.default/thumbnails/23765a048268054a551f78cbec262c9e.png
/home/webonise/.cache/mozilla/firefox/k3efzj8k.default/thumbnails/4204ccaf4cd555074b83a1dcc09c89e5.png
/home/webonise/.cache/mozilla/firefox/k3efzj8k.default/thumbnails/65250d63fd8ff9ce2b3daf3e90e65294.png
/home/webonise/.cache/mozilla/firefox/k3efzj8k.default/thumbnails/2493ac7a48ffbf12f3794937b0b991cd.png
/home/webonise/.cache/mozilla/firefox/k3efzj8k.default/thumbnails/9d8f1252b682dc692c17dded03d65400.png
/home/webonise/.cache/mozilla/firefox/k3efzj8k.default/thumbnails/56990dd991d19bef8694786a6153e73d.png
/home/webonise/.cache/mozilla/firefox/k3efzj8k.default/thumbnails/c360e5536ec79bc85fef4e1394a54663.png
/home/webonise/.cache/mozilla/firefox/k3efzj8k.default/thumbnails/a3e43c448e07feb2521e1b21804d8b83.png
/home/webonise/.cache/mozilla/firefox/k3efzj8k.default/thumbnails/cae844de551456a0039a48990f9afbeb.png
/home/webonise/.cache/mozilla/firefox/k3efzj8k.default/thumbnails/66a852f8a7cb4e95fd0783e0c554c0a5.png
/home/webonise/.cache/mozilla/firefox/k3efzj8k.default/thumbnails/705161f2756bb5fcae46e7e50f42f693.png
/home/webonise/.cache/mozilla/firefox/k3efzj8k.default/thumbnails/e56d7558876e83471c0cdeb236d71a29.png
/home/webonise/.cache/mozilla/firefox/k3efzj8k.default/thumbnails/b0da234477d7905f321f620cbe5403ad.png
/home/webonise/.cache/mozilla/firefox/k3efzj8k.default/thumbnails/5ad5f2166488e50e8ded9390a3549fb3.png
/home/webonise/.cache/mozilla/firefox/k3efzj8k.default/thumbnails/36fd30e6b75304fafb93d487358f5a39.png
/home/webonise/.cache/mozilla/firefox/k3efzj8k.default/thumbnails/ee54d519e129b581a2b65dca5cd77661.png
/home/webonise/.cache/mozilla/firefox/k3efzj8k.default/thumbnails/60b53bae3a2545c54664069c29bdc2ee.png
/home/webonise/.cache/mozilla/firefox/k3efzj8k.default/thumbnails/aaad1fd6b7ace35b6adddee61186c81a.png
/home/webonise/.cache/mozilla/firefox/k3efzj8k.default/thumbnails/ae78331d5d4dbb2c36eb499504b35a37.png
/home/webonise/.cache/mozilla/firefox/k3efzj8k.default/thumbnails/7d8b0083e751e61cb64180a283ef2b89.png
/home/webonise/.cache/mozilla/firefox/k3efzj8k.default/_CACHE_CLEAN_
/home/webonise/.cache/mozilla/firefox/k3efzj8k.default/safebrowsing/goog-malware-shavar.pset
/home/webonise/.cache/mozilla/firefox/k3efzj8k.default/safebrowsing/goog-malware-shavar.sbstore
/home/webonise/.cache/mozilla/firefox/k3efzj8k.default/safebrowsing/goog-phish-shavar.pset
/home/webonise/.cache/mozilla/firefox/k3efzj8k.default/safebrowsing/test-malware-simple.sbstore
/home/webonise/.cache/mozilla/firefox/k3efzj8k.default/safebrowsing/goog-badbinurl-shavar.cache
/home/webonise/.cache/mozilla/firefox/k3efzj8k.default/safebrowsing/test-malware-simple.pset
/home/webonise/.cache/mozilla/firefox/k3efzj8k.default/safebrowsing/test-phish-simple.pset
/home/webonise/.cache/mozilla/firefox/k3efzj8k.default/safebrowsing/test-phish-simple.sbstore
/home/webonise/.cache/mozilla/firefox/k3efzj8k.default/safebrowsing/goog-badbinurl-shavar.pset
/home/webonise/.cache/mozilla/firefox/k3efzj8k.default/safebrowsing/test-phish-simple.cache
/home/webonise/.cache/mozilla/firefox/k3efzj8k.default/safebrowsing/goog-phish-shavar.sbstore
/home/webonise/.cache/mozilla/firefox/k3efzj8k.default/safebrowsing/test-malware-simple.cache
/home/webonise/.cache/mozilla/firefox/k3efzj8k.default/safebrowsing/goog-phish-shavar.cache
/home/webonise/.cache/mozilla/firefox/k3efzj8k.default/safebrowsing/goog-badbinurl-shavar.sbstore
/home/webonise/.cache/mozilla/firefox/k3efzj8k.default/safebrowsing/goog-malware-shavar.cache
/home/webonise/.cache/mozilla/firefox/k3efzj8k.default/Cache/0/DA/EAF30d01
/home/webonise/.cache/mozilla/firefox/k3efzj8k.default/Cache/0/8D/DBE8Cd01
/home/webonise/.cache/mozilla/firefox/k3efzj8k.default/Cache/0/64/CA263d01
/home/webonise/.cache/mozilla/firefox/k3efzj8k.default/Cache/0/AC/8FB46d01
/home/webonise/.cache/mozilla/firefox/k3efzj8k.default/Cache/0/D8/023D1d01
/home/webonise/.cache/mozilla/firefox/k3efzj8k.default/Cache/0/C6/D63ADd02
/home/webonise/.cache/mozilla/firefox/k3efzj8k.default/Cache/0/C6/D63ADd01
/home/webonise/.cache/mozilla/firefox/k3efzj8k.default/Cache/0/6A/C8AA7d01
/home/webonise/.cache/mozilla/firefox/k3efzj8k.default/Cache/0/94/2DE6Dd01
/home/webonise/.cache/mozilla/firefox/k3efzj8k.default/Cache/0/CA/2A94Bd01
/home/webonise/.cache/mozilla/firefox/k3efzj8k.default/Cache/2/1A/E91D8d01
/home/webonise/.cache/mozilla/firefox/k3efzj8k.default/Cache/2/3C/B8969d01
/home/webonise/.cache/mozilla/firefox/k3efzj8k.default/Cache/2/9E/750D4d01
/home/webonise/.cache/mozilla/firefox/k3efzj8k.default/Cache/2/9E/80BE0d01
/home/webonise/.cache/mozilla/firefox/k3efzj8k.default/Cache/2/7D/2BA81d01
/home/webonise/.cache/mozilla/firefox/k3efzj8k.default/Cache/2/32/D0DA5d01
/home/webonise/.cache/mozilla/firefox/k3efzj8k.default/Cache/2/A1/99AFAd01
/home/webonise/.cache/mozilla/firefox/k3efzj8k.default/Cache/2/35/B12C0d01
/home/webonise/.cache/mozilla/firefox/k3efzj8k.default/Cache/2/E3/4FFBCd01
/home/webonise/.cache/mozilla/firefox/k3efzj8k.default/Cache/2/0C/79424d01
/home/webonise/.cache/mozilla/firefox/k3efzj8k.default/Cache/2/5C/86E6Fd01
/home/webonise/.cache/mozilla/firefox/k3efzj8k.default/Cache/2/A2/B9494d01
/home/webonise/.cache/mozilla/firefox/k3efzj8k.default/Cache/2/47/7F1B1d01
/home/webonise/.cache/mozilla/firefox/k3efzj8k.default/Cache/2/58/250AEd01
/home/webonise/.cache/mozilla/firefox/k3efzj8k.default/Cache/2/7C/AC7DFd01
/home/webonise/.cache/mozilla/firefox/k3efzj8k.default/Cache/2/10/8DEB1d01
/home/webonise/.cache/mozilla/firefox/k3efzj8k.default/Cache/_CACHE_MAP_
/home/webonise/.cache/mozilla/firefox/k3efzj8k.default/Cache/_CACHE_002_
/home/webonise/.cache/mozilla/firefox/k3efzj8k.default/Cache/A/B7/D689Bd01
/home/webonise/.cache/mozilla/firefox/k3efzj8k.default/Cache/A/B9/F5EDBd01
/home/webonise/.cache/mozilla/firefox/k3efzj8k.default/Cache/A/B9/4D84Dd01
/home/webonise/.cache/mozilla/firefox/k3efzj8k.default/Cache/A/3C/98D47d01
/home/webonise/.cache/mozilla/firefox/k3efzj8k.default/Cache/A/F2/84630d01
/home/webonise/.cache/mozilla/firefox/k3efzj8k.default/Cache/A/22/4E52Fd01
/home/webonise/.cache/mozilla/firefox/k3efzj8k.default/Cache/A/B5/C2738d01
/home/webonise/.cache/mozilla/firefox/k3efzj8k.default/Cache/A/2A/E01DAd01
/home/webonise/.cache/mozilla/firefox/k3efzj8k.default/Cache/A/3E/D0ED3d01
/home/webonise/.cache/mozilla/firefox/k3efzj8k.default/Cache/A/9C/C40DBd01
/home/webonise/.cache/mozilla/firefox/k3efzj8k.default/Cache/A/67/CD1FBd01
/home/webonise/.cache/mozilla/firefox/k3efzj8k.default/Cache/A/51/B9C65d01
/home/webonise/.cache/mozilla/firefox/k3efzj8k.default/Cache/1/1A/E45DDd01
/home/webonise/.cache/mozilla/firefox/k3efzj8k.default/Cache/1/A9/22917d01
/home/webonise/.cache/mozilla/firefox/k3efzj8k.default/Cache/1/00/C1412d01
/home/webonise/.cache/mozilla/firefox/k3efzj8k.default/Cache/1/C5/7A0EAd01
/home/webonise/.cache/mozilla/firefox/k3efzj8k.default/Cache/1/C5/56939d01
/home/webonise/.cache/mozilla/firefox/k3efzj8k.default/Cache/1/FF/C4521d01
/home/webonise/.cache/mozilla/firefox/k3efzj8k.default/Cache/1/C7/7BE06d01
/home/webonise/.cache/mozilla/firefox/k3efzj8k.default/Cache/1/77/4E01Cd01
/home/webonise/.cache/mozilla/firefox/k3efzj8k.default/Cache/1/14/B17F5d01
/home/webonise/.cache/mozilla/firefox/k3efzj8k.default/Cache/1/C6/D8EB1d01
/home/webonise/.cache/mozilla/firefox/k3efzj8k.default/Cache/1/FB/6B1F0d01
/home/webonise/.cache/mozilla/firefox/k3efzj8k.default/Cache/1/54/303ADd01
/home/webonise/.cache/mozilla/firefox/k3efzj8k.default/Cache/1/ED/71D5Dd01
/home/webonise/.cache/mozilla/firefox/k3efzj8k.default/Cache/6/68/6C869d01
/home/webonise/.cache/mozilla/firefox/k3efzj8k.default/Cache/6/FC/73046d01
/home/webonise/.cache/mozilla/firefox/k3efzj8k.default/Cache/6/90/3D018d01
/home/webonise/.cache/mozilla/firefox/k3efzj8k.default/Cache/6/82/439E1d01
/home/webonise/.cache/mozilla/firefox/k3efzj8k.default/Cache/6/99/15E6Cd01
/home/webonise/.cache/mozilla/firefox/k3efzj8k.default/Cache/6/C7/FB6CFd01
/home/webonise/.cache/mozilla/firefox/k3efzj8k.default/Cache/6/8E/11D87d01
/home/webonise/.cache/mozilla/firefox/k3efzj8k.default/Cache/6/61/AF496d01
/home/webonise/.cache/mozilla/firefox/k3efzj8k.default/Cache/6/2F/74D8Dd01
/home/webonise/.cache/mozilla/firefox/k3efzj8k.default/Cache/6/7F/ECF0Ed01
/home/webonise/.cache/mozilla/firefox/k3efzj8k.default/Cache/6/38/6BE96d01
/home/webonise/.cache/mozilla/firefox/k3efzj8k.default/Cache/6/81/8518Ad01
/home/webonise/.cache/mozilla/firefox/k3efzj8k.default/Cache/6/81/699AFd01
/home/webonise/.cache/mozilla/firefox/k3efzj8k.default/Cache/6/A0/98FF5d01
/home/webonise/.cache/mozilla/firefox/k3efzj8k.default/Cache/6/F8/7960Ed01
/home/webonise/.cache/mozilla/firefox/k3efzj8k.default/Cache/6/CA/08A1Dd01
/home/webonise/.cache/mozilla/firefox/k3efzj8k.default/Cache/7/D4/20932d01
/home/webonise/.cache/mozilla/firefox/k3efzj8k.default/Cache/7/27/27E93d01
/home/webonise/.cache/mozilla/firefox/k3efzj8k.default/Cache/7/5F/F15E3d01
/home/webonise/.cache/mozilla/firefox/k3efzj8k.default/Cache/7/68/20727d01
/home/webonise/.cache/mozilla/firefox/k3efzj8k.default/Cache/7/DF/AD3EFd01
/home/webonise/.cache/mozilla/firefox/k3efzj8k.default/Cache/7/56/679E7d01
/home/webonise/.cache/mozilla/firefox/k3efzj8k.default/Cache/7/D5/9F047d01
/home/webonise/.cache/mozilla/firefox/k3efzj8k.default/Cache/7/E6/5A82Dd01
/home/webonise/.cache/mozilla/firefox/k3efzj8k.default/Cache/7/92/EF6B7d01
/home/webonise/.cache/mozilla/firefox/k3efzj8k.default/Cache/7/67/25CDDd01
/home/webonise/.cache/mozilla/firefox/k3efzj8k.default/Cache/7/42/1FEBAd01
/home/webonise/.cache/mozilla/firefox/k3efzj8k.default/Cache/5/45/A1A2Cd01
/home/webonise/.cache/mozilla/firefox/k3efzj8k.default/Cache/5/36/00435d01
/home/webonise/.cache/mozilla/firefox/k3efzj8k.default/Cache/5/7B/3170Ad01
/home/webonise/.cache/mozilla/firefox/k3efzj8k.default/Cache/5/5F/E6A02d01
/home/webonise/.cache/mozilla/firefox/k3efzj8k.default/Cache/5/90/164FFd01
/home/webonise/.cache/mozilla/firefox/k3efzj8k.default/Cache/5/C0/ADBB3d01
/home/webonise/.cache/mozilla/firefox/k3efzj8k.default/Cache/5/80/E5C29d01
/home/webonise/.cache/mozilla/firefox/k3efzj8k.default/Cache/5/EC/CDBA9d01
/home/webonise/.cache/mozilla/firefox/k3efzj8k.default/Cache/5/F3/2266Bd01
/home/webonise/.cache/mozilla/firefox/k3efzj8k.default/Cache/5/F6/E1834d01
/home/webonise/.cache/mozilla/firefox/k3efzj8k.default/Cache/5/61/C90DDd01
/home/webonise/.cache/mozilla/firefox/k3efzj8k.default/Cache/5/2F/CBF71d01
/home/webonise/.cache/mozilla/firefox/k3efzj8k.default/Cache/5/4B/33EB4d01
/home/webonise/.cache/mozilla/firefox/k3efzj8k.default/Cache/5/9C/12816d01
/home/webonise/.cache/mozilla/firefox/k3efzj8k.default/Cache/5/1C/E91A7d01
/home/webonise/.cache/mozilla/firefox/k3efzj8k.default/Cache/5/40/0794Ed01
/home/webonise/.cache/mozilla/firefox/k3efzj8k.default/Cache/5/19/C662Cd01
/home/webonise/.cache/mozilla/firefox/k3efzj8k.default/Cache/5/19/B0509d01
/home/webonise/.cache/mozilla/firefox/k3efzj8k.default/Cache/5/34/55F39d01
/home/webonise/.cache/mozilla/firefox/k3efzj8k.default/Cache/C/39/14FCAd01
/home/webonise/.cache/mozilla/firefox/k3efzj8k.default/Cache/C/B7/A00B0d01
/home/webonise/.cache/mozilla/firefox/k3efzj8k.default/Cache/C/FA/C62D2d01
/home/webonise/.cache/mozilla/firefox/k3efzj8k.default/Cache/C/0E/51FB9d01
/home/webonise/.cache/mozilla/firefox/k3efzj8k.default/Cache/C/F9/A9228d01
/home/webonise/.cache/mozilla/firefox/k3efzj8k.default/Cache/C/98/E4A34d01
/home/webonise/.cache/mozilla/firefox/k3efzj8k.default/Cache/C/7D/E5EB5d01
/home/webonise/.cache/mozilla/firefox/k3efzj8k.default/Cache/C/57/0EF3Ed01
/home/webonise/.cache/mozilla/firefox/k3efzj8k.default/Cache/C/6A/A5520d01
/home/webonise/.cache/mozilla/firefox/k3efzj8k.default/Cache/C/F5/1E22Ad01
/home/webonise/.cache/mozilla/firefox/k3efzj8k.default/Cache/C/C9/F7A20d01
/home/webonise/.cache/mozilla/firefox/k3efzj8k.default/Cache/8/18/F1700d01
/home/webonise/.cache/mozilla/firefox/k3efzj8k.default/Cache/8/A8/AD448d01
/home/webonise/.cache/mozilla/firefox/k3efzj8k.default/Cache/8/3B/49E7Ad01
/home/webonise/.cache/mozilla/firefox/k3efzj8k.default/Cache/8/D6/1C247d01
/home/webonise/.cache/mozilla/firefox/k3efzj8k.default/Cache/8/98/CD10Cd01
/home/webonise/.cache/mozilla/firefox/k3efzj8k.default/Cache/8/9E/E2883d01
/home/webonise/.cache/mozilla/firefox/k3efzj8k.default/Cache/8/F7/36C2Cd01
/home/webonise/.cache/mozilla/firefox/k3efzj8k.default/Cache/8/2F/1BFF3d01
/home/webonise/.cache/mozilla/firefox/k3efzj8k.default/Cache/8/21/101D3d01
/home/webonise/.cache/mozilla/firefox/k3efzj8k.default/Cache/8/EE/258D7d01
/home/webonise/.cache/mozilla/firefox/k3efzj8k.default/Cache/8/89/31EFEd01
/home/webonise/.cache/mozilla/firefox/k3efzj8k.default/Cache/E/C1/55786d01
/home/webonise/.cache/mozilla/firefox/k3efzj8k.default/Cache/E/F2/841B5d01
/home/webonise/.cache/mozilla/firefox/k3efzj8k.default/Cache/E/4F/A2C37d01
/home/webonise/.cache/mozilla/firefox/k3efzj8k.default/Cache/E/AA/801ACd01
/home/webonise/.cache/mozilla/firefox/k3efzj8k.default/Cache/E/04/26084d01
/home/webonise/.cache/mozilla/firefox/k3efzj8k.default/Cache/E/37/1333Ad01
/home/webonise/.cache/mozilla/firefox/k3efzj8k.default/Cache/E/53/7BB08d01
/home/webonise/.cache/mozilla/firefox/k3efzj8k.default/Cache/E/DB/D245Bd01
/home/webonise/.cache/mozilla/firefox/k3efzj8k.default/Cache/E/BA/62E07d01
/home/webonise/.cache/mozilla/firefox/k3efzj8k.default/Cache/D/1A/DFF23d01
/home/webonise/.cache/mozilla/firefox/k3efzj8k.default/Cache/D/D4/A22A2d01
/home/webonise/.cache/mozilla/firefox/k3efzj8k.default/Cache/D/C2/8B627d01
/home/webonise/.cache/mozilla/firefox/k3efzj8k.default/Cache/D/C8/63A1Ed01
/home/webonise/.cache/mozilla/firefox/k3efzj8k.default/Cache/D/45/4593Dd01
/home/webonise/.cache/mozilla/firefox/k3efzj8k.default/Cache/D/3C/0D825d01
/home/webonise/.cache/mozilla/firefox/k3efzj8k.default/Cache/D/3C/91D63d01
/home/webonise/.cache/mozilla/firefox/k3efzj8k.default/Cache/D/90/61027d01
/home/webonise/.cache/mozilla/firefox/k3efzj8k.default/Cache/D/12/C0D12d01
/home/webonise/.cache/mozilla/firefox/k3efzj8k.default/Cache/D/BB/FFD38d01
/home/webonise/.cache/mozilla/firefox/k3efzj8k.default/Cache/D/91/7C99Fd01
/home/webonise/.cache/mozilla/firefox/k3efzj8k.default/Cache/D/56/FD931d01
/home/webonise/.cache/mozilla/firefox/k3efzj8k.default/Cache/D/55/AC689d01
/home/webonise/.cache/mozilla/firefox/k3efzj8k.default/Cache/D/57/E5334d01
/home/webonise/.cache/mozilla/firefox/k3efzj8k.default/Cache/D/13/85511d01
/home/webonise/.cache/mozilla/firefox/k3efzj8k.default/Cache/D/FE/75096d01
/home/webonise/.cache/mozilla/firefox/k3efzj8k.default/Cache/D/58/DB699d01
/home/webonise/.cache/mozilla/firefox/k3efzj8k.default/Cache/D/B4/72C0Cd01
/home/webonise/.cache/mozilla/firefox/k3efzj8k.default/Cache/D/86/A2EF6d01
/home/webonise/.cache/mozilla/firefox/k3efzj8k.default/Cache/3/18/E4689d01
/home/webonise/.cache/mozilla/firefox/k3efzj8k.default/Cache/3/4A/DC17Dd01
/home/webonise/.cache/mozilla/firefox/k3efzj8k.default/Cache/3/A8/B54D0d01
/home/webonise/.cache/mozilla/firefox/k3efzj8k.default/Cache/3/82/FD048d01
/home/webonise/.cache/mozilla/firefox/k3efzj8k.default/Cache/3/DE/58725d01
/home/webonise/.cache/mozilla/firefox/k3efzj8k.default/Cache/3/7D/22B5Ed01
/home/webonise/.cache/mozilla/firefox/k3efzj8k.default/Cache/3/4C/B9269d01
/home/webonise/.cache/mozilla/firefox/k3efzj8k.default/Cache/3/28/3F29Ed01
/home/webonise/.cache/mozilla/firefox/k3efzj8k.default/Cache/3/54/DFAF4d01
/home/webonise/.cache/mozilla/firefox/k3efzj8k.default/Cache/3/A5/3662Ed01
/home/webonise/.cache/mozilla/firefox/k3efzj8k.default/Cache/3/58/9C8C0d01
/home/webonise/.cache/mozilla/firefox/k3efzj8k.default/Cache/3/71/3959Ad01
/home/webonise/.cache/mozilla/firefox/k3efzj8k.default/Cache/3/74/65AB6d01
/home/webonise/.cache/mozilla/firefox/k3efzj8k.default/Cache/9/36/1A5BDd01
/home/webonise/.cache/mozilla/firefox/k3efzj8k.default/Cache/9/5F/3E30Ad01
/home/webonise/.cache/mozilla/firefox/k3efzj8k.default/Cache/9/62/76FE8d01
/home/webonise/.cache/mozilla/firefox/k3efzj8k.default/Cache/9/EC/26AD8d01
/home/webonise/.cache/mozilla/firefox/k3efzj8k.default/Cache/9/20/880ABd01
/home/webonise/.cache/mozilla/firefox/k3efzj8k.default/Cache/9/70/320C4d01
/home/webonise/.cache/mozilla/firefox/k3efzj8k.default/Cache/9/7F/EB504d01
/home/webonise/.cache/mozilla/firefox/k3efzj8k.default/Cache/9/C4/5F537d01
/home/webonise/.cache/mozilla/firefox/k3efzj8k.default/Cache/9/53/89CA7d01
/home/webonise/.cache/mozilla/firefox/k3efzj8k.default/Cache/9/43/E0A83d01
/home/webonise/.cache/mozilla/firefox/k3efzj8k.default/Cache/9/A3/054D4d01
/home/webonise/.cache/mozilla/firefox/k3efzj8k.default/Cache/9/F8/510C6d01
/home/webonise/.cache/mozilla/firefox/k3efzj8k.default/Cache/9/41/5CCA8d01
/home/webonise/.cache/mozilla/firefox/k3efzj8k.default/Cache/9/5D/0C80Dd01
/home/webonise/.cache/mozilla/firefox/k3efzj8k.default/Cache/9/4D/FAE9Ed01
/home/webonise/.cache/mozilla/firefox/k3efzj8k.default/Cache/_CACHE_003_
/home/webonise/.cache/mozilla/firefox/k3efzj8k.default/Cache/F/CE/60D74d01
/home/webonise/.cache/mozilla/firefox/k3efzj8k.default/Cache/F/D3/DBE52d01
/home/webonise/.cache/mozilla/firefox/k3efzj8k.default/Cache/F/88/8F779d01
/home/webonise/.cache/mozilla/firefox/k3efzj8k.default/Cache/F/3B/EF3BEd01
/home/webonise/.cache/mozilla/firefox/k3efzj8k.default/Cache/F/AD/B8FE8d01
/home/webonise/.cache/mozilla/firefox/k3efzj8k.default/Cache/F/F3/EE2AEd01
/home/webonise/.cache/mozilla/firefox/k3efzj8k.default/Cache/F/6A/8934Fd01
/home/webonise/.cache/mozilla/firefox/k3efzj8k.default/Cache/F/69/5DD00d01
/home/webonise/.cache/mozilla/firefox/k3efzj8k.default/Cache/F/E6/C4997d01
/home/webonise/.cache/mozilla/firefox/k3efzj8k.default/Cache/_CACHE_001_
/home/webonise/.cache/mozilla/firefox/k3efzj8k.default/Cache/4/52/C09E3d01
/home/webonise/.cache/mozilla/firefox/k3efzj8k.default/Cache/4/45/19AF8d01
/home/webonise/.cache/mozilla/firefox/k3efzj8k.default/Cache/4/18/6BA34d01
/home/webonise/.cache/mozilla/firefox/k3efzj8k.default/Cache/4/E9/BDF1Ad01
/home/webonise/.cache/mozilla/firefox/k3efzj8k.default/Cache/4/BC/E9F13d01
/home/webonise/.cache/mozilla/firefox/k3efzj8k.default/Cache/4/F9/B1DAFd01
/home/webonise/.cache/mozilla/firefox/k3efzj8k.default/Cache/4/E0/EBF39d01
/home/webonise/.cache/mozilla/firefox/k3efzj8k.default/Cache/4/57/0C357d01
/home/webonise/.cache/mozilla/firefox/k3efzj8k.default/Cache/4/61/7CFE6d01
/home/webonise/.cache/mozilla/firefox/k3efzj8k.default/Cache/4/61/8CD44d01
/home/webonise/.cache/mozilla/firefox/k3efzj8k.default/Cache/4/97/3D377d01
/home/webonise/.cache/mozilla/firefox/k3efzj8k.default/Cache/4/35/04456d01
/home/webonise/.cache/mozilla/firefox/k3efzj8k.default/Cache/4/A0/CBC26d01
/home/webonise/.cache/mozilla/firefox/k3efzj8k.default/Cache/4/A0/CBC26d02
/home/webonise/.cache/mozilla/firefox/k3efzj8k.default/Cache/4/07/158A9d01
/home/webonise/.cache/mozilla/firefox/k3efzj8k.default/Cache/B/8A/05C33d01
/home/webonise/.cache/mozilla/firefox/k3efzj8k.default/Cache/B/0E/8405Cd01
/home/webonise/.cache/mozilla/firefox/k3efzj8k.default/Cache/B/AC/91733d01
/home/webonise/.cache/mozilla/firefox/k3efzj8k.default/Cache/B/D6/2433Cd01
/home/webonise/.cache/mozilla/firefox/k3efzj8k.default/Cache/B/C1/5ED76d01
/home/webonise/.cache/mozilla/firefox/k3efzj8k.default/Cache/B/4F/A1AA5d01
/home/webonise/.cache/mozilla/firefox/k3efzj8k.default/Cache/B/2B/7838Ad01
/home/webonise/.cache/mozilla/firefox/k3efzj8k.default/Cache/B/E1/5E12Cd01
/home/webonise/.cache/mozilla/firefox/k3efzj8k.default/Cache/B/F6/90AF3d01
/home/webonise/.cache/mozilla/firefox/k3efzj8k.default/Cache/B/F1/35706d01
/home/webonise/.cache/mozilla/firefox/k3efzj8k.default/Cache/B/02/41073d01
/home/webonise/.cache/mozilla/firefox/k3efzj8k.default/Cache/B/58/D73CBd01
/home/webonise/.cache/mozilla/firefox/k3efzj8k.default/startupCache/startupCache.8.little
/home/webonise/.cache/thumbnails/fail/gnome-thumbnail-factory/8fe67980dd2e2442eab538f70e4ca58a.png
/home/webonise/.cache/thumbnails/normal/23d554b84cbc451cbdd1660a6c33c3bb.png
/home/webonise/.cache/thumbnails/normal/0ae37d7036817693adec104f064af783.png
/home/webonise/.cache/thumbnails/normal/d16b0938cbe0709422a08ab6592e38a8.png
/home/webonise/.cache/thumbnails/normal/ee15d0573bf335eb8c301035b605d351.png
/home/webonise/.cache/thumbnails/normal/799360dcd2b2bf6f9d0ee1003d0878c5.png
/home/webonise/.cache/thumbnails/normal/81bdc9fa57cd692cd040eda14c67ce19.png
/home/webonise/.cache/thumbnails/normal/ee9cf2ab26402213d518127e9b5b1149.png
/home/webonise/.cache/thumbnails/normal/ed1486feff8053b64e9d027e91f77b2d.png
/home/webonise/.cache/thumbnails/normal/9da0fe358482e154667f4fd3f3b898ee.png
/home/webonise/.cache/thumbnails/normal/80669861f9aa5aea3fe60cb442f453cc.png
/home/webonise/.cache/thumbnails/normal/f458b2702111282ba10cca5ddd511daf.png
/home/webonise/.cache/thumbnails/normal/b2bdf6f2a85194544d0558983df41eb0.png
/home/webonise/.cache/thumbnails/normal/051ba6888f20adf6bfd0f0709ca51882.png
/home/webonise/.cache/webkit/icondatabase/WebpageIcons.db
/home/webonise/.cache/sso/sso-client-gui.log
/home/webonise/.cache/sso/sso-client.log
/home/webonise/.cache/software-center/icons/reportal-icon-64_2.png
/home/webonise/.cache/software-center/icons/wxipespell-icon-wxipespell_64.png
/home/webonise/.cache/software-center/icons/saivt-icon-saivt.svg.png
/home/webonise/.cache/software-center/icons/ mycraft-icon-mc-launcher.svg64.png
/home/webonise/.cache/software-center/icons/wxpdfspell-icon-wxpdfspell.png
/home/webonise/.cache/software-center/icons/numix-icon-theme-circle-icon-64.png
/home/webonise/.cache/software-center/icons/numix-icon-theme-square-icon-64.png
/home/webonise/.cache/software-center/icons/chart-geany-full-icon-logo64_3.png
/home/webonise/.cache/software-center/icons/dmmediaconverter-icon-dmMediaConverter_logo_64x64.png
/home/webonise/.cache/software-center/download-cache/screenshots.ubuntu.com_screenshots_s_skype_4690%5fsmall.png
/home/webonise/.cache/software-center/download-cache/screenshots.ubuntu.com_screenshot-with-version_skype_4.3.0.37-1
/home/webonise/.cache/software-center/download-cache/screenshots.ubuntu.com_screenshots_s_skype_9125%5fsmall.png
/home/webonise/.cache/software-center/expunge.lock
/home/webonise/.cache/software-center/rnrclient/reviews.ubuntu.com,reviews,api,1.0,reviews,filter,en,any,any,any,skype,page,1,helpful,,1f5629ae7681e5989b6bff69aee56123
/home/webonise/.cache/software-center/rnrclient/reviews.ubuntu.com,reviews,api,1.0,reviews,filter,en,any,any,any,google-chrome-stable,page,1,helpful,,c401f37bb35cffae5562dcf0756f91fb
/home/webonise/.cache/software-center/software-center-agent.db/iamchert
/home/webonise/.cache/software-center/software-center-agent.db/termlist.DB
/home/webonise/.cache/software-center/software-center-agent.db/flintlock
/home/webonise/.cache/software-center/software-center-agent.db/spelling.baseA
/home/webonise/.cache/software-center/software-center-agent.db/postlist.DB
/home/webonise/.cache/software-center/software-center-agent.db/termlist.baseA
/home/webonise/.cache/software-center/software-center-agent.db/record.baseA
/home/webonise/.cache/software-center/software-center-agent.db/postlist.baseA
/home/webonise/.cache/software-center/software-center-agent.db/postlist.baseB
/home/webonise/.cache/software-center/software-center-agent.db/record.DB
/home/webonise/.cache/software-center/software-center-agent.db/termlist.baseB
/home/webonise/.cache/software-center/software-center-agent.db/record.baseB
/home/webonise/.cache/software-center/software-center-agent.db/spelling.baseB
/home/webonise/.cache/software-center/software-center-agent.db/spelling.DB
/home/webonise/.cache/software-center/reviews.ubuntu.com_reviews_api_1.0_review-stats-pkgnames.p
/home/webonise/.cache/software-center/piston-helper/rec.ubuntu.com,api,1.0,recommend_app,skype,,cc1716b7c816ea76c35f2336c98ebf7f
/home/webonise/.cache/software-center/piston-helper/reviews.ubuntu.com,reviews,api,1.0,review-stats,any,any,,1c66e24123164bb80c4253965e29eed7
/home/webonise/.cache/software-center/piston-helper/rec.ubuntu.com,api,1.0,recommend_app,google-chrome-stable,,ab8e25bc835f33c6ca5c580b6a249704
/home/webonise/.cache/software-center/piston-helper/software-center.ubuntu.com,api,2.0,applications,en,ubuntu,trusty,amd64,,112396056a1c2d570586137369f98fa3
/home/webonise/.cache/software-center/piston-helper/software-center.ubuntu.com,api,2.0,exhibits,en,trusty,,cea0cdfa918570fc6c4a42b7dea7a1a2
/home/webonise/.cache/software-center/piston-helper/rec.ubuntu.com,api,1.0,recommend_app,skype,,0495938f41334883bd3a67d3b164c1d1
/home/webonise/.cache/software-center/software-center.log
/home/webonise/.cache/event-sound-cache.tdb.ee449e0aee65ba5a3318e8b754e0e0b7.x86_64-pc-linux-gnu
/home/webonise/.cache/logrotate/status
/home/webonise/.cache/wallpaper/0_5_1024_768_792beab7550410d531e55f95b449f135
/home/webonise/.cache/update-manager-core/meta-release-lts
/home/webonise/.cache/ibus/bus/registry
/home/webonise/.cache/compizconfig-1/expo.pb
/home/webonise/.cache/compizconfig-1/workarounds.pb
/home/webonise/.cache/compizconfig-1/core.pb
/home/webonise/.cache/compizconfig-1/imgpng.pb
/home/webonise/.cache/compizconfig-1/gnomecompat.pb
/home/webonise/.cache/compizconfig-1/session.pb
/home/webonise/.cache/compizconfig-1/wall.pb
/home/webonise/.cache/compizconfig-1/copytex.pb
/home/webonise/.cache/compizconfig-1/grid.pb
/home/webonise/.cache/compizconfig-1/ezoom.pb
/home/webonise/.cache/compizconfig-1/resize.pb
/home/webonise/.cache/compizconfig-1/move.pb
/home/webonise/.cache/compizconfig-1/compiztoolbox.pb
/home/webonise/.cache/compizconfig-1/commands.pb
/home/webonise/.cache/compizconfig-1/snap.pb
/home/webonise/.cache/compizconfig-1/fade.pb
/home/webonise/.cache/compizconfig-1/unityshell.pb
/home/webonise/.cache/compizconfig-1/regex.pb
/home/webonise/.cache/compizconfig-1/place.pb
/home/webonise/.cache/compizconfig-1/scale.pb
/home/webonise/.cache/compizconfig-1/composite.pb
/home/webonise/.cache/compizconfig-1/unitymtgrabhandles.pb
/home/webonise/.cache/compizconfig-1/opengl.pb
/home/webonise/.cache/compizconfig-1/mousepoll.pb
/home/webonise/.cache/compizconfig-1/decor.pb
/home/webonise/.cache/compizconfig-1/vpswitch.pb
/home/webonise/.cache/compizconfig-1/animation.pb
/home/webonise/.cache/oneconf/ee449e0aee65ba5a3318e8b754e0e0b7/package_list_ee449e0aee65ba5a3318e8b754e0e0b7
/home/webonise/.cache/oneconf/ee449e0aee65ba5a3318e8b754e0e0b7/host
/home/webonise/.cache/upstart/indicator-bluetooth.log.2.gz
/home/webonise/.cache/upstart/indicator-bluetooth.log.3.gz
/home/webonise/.cache/upstart/at-spi2-registryd.log.2.gz
/home/webonise/.cache/upstart/hud.log.1.gz
/home/webonise/.cache/upstart/unity-panel-service.log.2.gz
/home/webonise/.cache/upstart/unity7.log.2.gz
/home/webonise/.cache/upstart/im-config.log.3.gz
/home/webonise/.cache/upstart/indicator-sound.log.3.gz
/home/webonise/.cache/upstart/upstart-event-bridge.log.1.gz
/home/webonise/.cache/upstart/unity7.log.3.gz
/home/webonise/.cache/upstart/at-spi2-registryd.log.1.gz
/home/webonise/.cache/upstart/window-stack-bridge.log.4.gz
/home/webonise/.cache/upstart/dbus.log.1.gz
/home/webonise/.cache/upstart/update-notifier-release.log.2.gz
/home/webonise/.cache/upstart/unity-settings-daemon.log.3.gz
/home/webonise/.cache/upstart/indicator-sound.log.4.gz
/home/webonise/.cache/upstart/indicator-bluetooth.log.4.gz
/home/webonise/.cache/upstart/dbus.log.3.gz
/home/webonise/.cache/upstart/gnome-session-Unity.log.1.gz
/home/webonise/.cache/upstart/dbus.log
/home/webonise/.cache/upstart/window-stack-bridge.log.1.gz
/home/webonise/.cache/upstart/dbus.log.4.gz
/home/webonise/.cache/upstart/update-notifier-release.log.1.gz
/home/webonise/.cache/upstart/indicator-sound.log.2.gz
/home/webonise/.cache/upstart/dbus.log.2.gz
/home/webonise/.cache/upstart/unity7.log.1.gz
/home/webonise/.cache/upstart/unity7.log.4.gz
/home/webonise/.cache/upstart/indicator-bluetooth.log.1.gz
/home/webonise/.cache/upstart/unity-panel-service-lockscreen.log.1.gz
/home/webonise/.cache/upstart/update-notifier-release.log.3.gz
/home/webonise/.cache/upstart/gnome-session-Unity.log
/home/webonise/.cache/upstart/unity-settings-daemon.log.2.gz
/home/webonise/.cache/upstart/gnome-session-Unity.log.4.gz
/home/webonise/.cache/upstart/dbus.log.5.gz
/home/webonise/.cache/upstart/dbus-session
/home/webonise/.cache/upstart/im-config.log.1.gz
/home/webonise/.cache/upstart/gnome-session-Unity.log.3.gz
/home/webonise/.cache/upstart/im-config.log.4.gz
/home/webonise/.cache/upstart/indicator-sound.log.1.gz
/home/webonise/.cache/upstart/window-stack-bridge.log.2.gz
/home/webonise/.cache/upstart/window-stack-bridge.log.3.gz
/home/webonise/.cache/upstart/indicator-printers.log.2.gz
/home/webonise/.cache/upstart/gnome-session-Unity.log.5.gz
/home/webonise/.cache/upstart/im-config.log.2.gz
/home/webonise/.cache/upstart/gnome-session-Unity.log.2.gz
/home/webonise/.cache/upstart/unity-panel-service.log.4.gz
/home/webonise/.cache/upstart/unity-settings-daemon.log.1.gz
/home/webonise/.cache/upstart/unity-panel-service.log.3.gz
/home/webonise/.cache/upstart/update-notifier-release.log.4.gz
/home/webonise/.cache/upstart/indicator-printers.log.1.gz
/home/webonise/.cache/upstart/unity-panel-service.log.1.gz
/home/webonise/.cache/upstart/unity-settings-daemon.log.4.gz
/home/webonise/.cache/unity/first_run.stamp
/home/webonise/.cache/gstreamer-1.0/registry.x86_64.bin
/home/webonise/.cache/fontconfig/d52a8644073d54c13679302ca1180695-le32d4.cache-4
/home/webonise/.cache/fontconfig/d589a48862398ed80a3d6066f4f56f4c-le32d4.cache-4
/home/webonise/.cache/fontconfig/4c599c202bc5c08e2d34565a40eac3b2-le32d4.cache-4
/home/webonise/.cache/fontconfig/e7071f4a29fa870f4323321c154eba04-le32d4.cache-4
/home/webonise/.cache/fontconfig/e52a45a1c8c8fe895fc0fc8c4e6999b8-le32d4.cache-4
/home/webonise/.cache/fontconfig/CACHEDIR.TAG
/home/webonise/.cache/fontconfig/c05880de57d1f5e948fdfacc138775d9-le32d4.cache-4
/home/webonise/.cache/fontconfig/0d8c3b2ac0904cb8a57a757ad11a4a08-le32d4.cache-4
/home/webonise/.cache/fontconfig/c855463f699352c367813e37f3f70ea7-le32d4.cache-4
/home/webonise/.cache/fontconfig/04aabc0a78ac019cf9454389977116d2-le32d4.cache-4
/home/webonise/.cache/fontconfig/2cd17615ca594fa2959ae173292e504c-le32d4.cache-4
/home/webonise/.cache/fontconfig/188ac73a183f12857f63bb60a4a6d603-le32d4.cache-4
/home/webonise/.cache/fontconfig/0c9eb80ebd1c36541ebe2852d3bb0c49-le32d4.cache-4
/home/webonise/.cache/fontconfig/3830d5c3ddfd5cd38a049b759396e72e-le32d4.cache-4
/home/webonise/.cache/fontconfig/3047814df9a2f067bd2d96a2b9c36e5a-le32d4.cache-4
/home/webonise/.cache/fontconfig/56cf4f4769d0f4abc89a4895d7bd3ae1-le32d4.cache-4
/home/webonise/.cache/fontconfig/d3e5c4ee2ceb1fc347f91d4cefc53bc0-le32d4.cache-4
/home/webonise/.cache/fontconfig/f1f2465696798768e9653f19e17ccdc8-le32d4.cache-4
/home/webonise/.cache/fontconfig/945677eb7aeaf62f1d50efc3fb3ec7d8-le32d4.cache-4
/home/webonise/.cache/fontconfig/dc05db6664285cc2f12bf69c139ae4c3-le32d4.cache-4
/home/webonise/.cache/fontconfig/fe547fea3a41b43a38975d292a2b19c7-le32d4.cache-4
/home/webonise/.cache/fontconfig/e13b20fdb08344e0e664864cc2ede53d-le32d4.cache-4
/home/webonise/.cache/fontconfig/d82eb4fd963d448e2fcb7d7b793b5df3-le32d4.cache-4
/home/webonise/.cache/fontconfig/95530828ff6c81d309f8258d8d02a23e-le32d4.cache-4
/home/webonise/.cache/fontconfig/7ef2298fde41cc6eeb7af42e48b7d293-le32d4.cache-4
/home/webonise/.cache/fontconfig/385c0604a188198f04d133e54aba7fe7-le32d4.cache-4
/home/webonise/.cache/fontconfig/b9d506c9ac06c20b433354fa67a72993-le32d4.cache-4
/home/webonise/.cache/fontconfig/a755afe4a08bf5b97852ceb7400b47bc-le32d4.cache-4
/home/webonise/.cache/fontconfig/6333f38776742d18e214673cd2c24e34-le32d4.cache-4
/home/webonise/.cache/fontconfig/b47c4e1ecd0709278f4910c18777a504-le32d4.cache-4
/home/webonise/.cache/fontconfig/767a8244fc0220cfb567a839d0392e0b-le32d4.cache-4
/home/webonise/.cache/fontconfig/8801497958630a81b71ace7c5f9b32a8-le32d4.cache-4
/home/webonise/.cache/fontconfig/707971e003b4ae6c8121c3a920e507f5-le32d4.cache-4
/home/webonise/.cache/fontconfig/cabbd14511b9e8a55e92af97fb3a0461-le32d4.cache-4
/home/webonise/.cache/fontconfig/4794a0821666d79190d59a36cb4f44b5-le32d4.cache-4
/home/webonise/.cache/fontconfig/1ac9eb803944fde146138c791f5cc56a-le32d4.cache-4
/home/webonise/.cache/fontconfig/57e423e26b20ab21d0f2f29c145174c3-le32d4.cache-4
/home/webonise/.cache/fontconfig/3f7329c5293ffd510edef78f73874cfd-le32d4.cache-4
/home/webonise/assignment/ren
/home/webonise/assignment/arc_arc_arc_arc_arc_arc_arc_arc_arc_arc_arc_arc_arc_arc_arc_arc.txt
/home/webonise/assignment/aw_aw_aw_aw.sh~
/home/webonise/assignment/as_as_as_as_as_as_as_as_as_as_as_as_as_as_as_as.txt
/home/webonise/assignment/aw.sh
/home/webonise/assignment/woww (copy).sh
/home/webonise/assignment/hostname
/home/webonise/assignment/assi_assi.log
/home/webonise/assignment/bb.log
/home/webonise/assignment/filename
/home/webonise/assignment/woww_woww_woww_woww.sh~
/home/webonise/assignment/aa_aa_aa_aa.log
/home/webonise/assignment/woww (copy).sh~
/home/webonise/assignment/ww.sh
/home/webonise/assignment/aw_aw_aw_aw.sh
/home/webonise/assignment/hh.sh
/home/webonise/assignment/ss_ss_ss_ss_ss_ss_ss_ss_ss_ss_ss_ss_ss_ss_ss_ss_ss_ss_ss_ss_ss_ss_ss_ss_ss_ss_ss_ss_ss_ss_ss_ss_ss_ss_ss_ss_ss_ss_ss_ss_ss_ss_ss_ss_ss_ss_ss_ss_ss_ss_ss_ss_ss_ss_ss_ss_ss_ss_ss_ss_ss_ss_ss_ss.txt
/home/webonise/assignment/Unix_gg_Unix_gg_Unix_gg_Unix_gg_Unix_gg_Unix_gg_Unix_gg_Unix_gg_Unix_gg_Unix_gg_Unix_gg_Unix_gg_Unix_gg_Unix_gg_Unix_gg_Unix_gg.txt~
/home/webonise/assignment/groups
/home/webonise/assignment/.*
/home/webonise/assignment/gg.sh
/home/webonise/assignment/assignment.log
/home/webonise/assignment/woww.sh
/home/webonise/assignment/yes_ash.sh
/home/webonise/assignment/mm.sh
/home/webonise/assignment/woww_woww.sh~
/home/webonise/assignment/.text
/home/webonise/assignment/w
/home/webonise/assignment/assi.log
/home/webonise/assignment/woww_woww_woww_woww_woww_woww_woww_woww_woww_woww_woww_woww_woww_woww_woww_woww.sh~
/home/webonise/assignment/woww_woww.sh
/home/webonise/assignment/ww.sh~
/home/webonise/assignment/uname
/home/webonise/assignment/woww.sh~
/home/webonise/assignment/Unix_ss_Unix_ss.sh
/home/webonise/assignment/who
/home/webonise/assignment/Unix_cc_Unix_cc_Unix_cc_Unix_cc_Unix_cc_Unix_cc_Unix_cc_Unix_cc_Unix_cc_Unix_cc_Unix_cc_Unix_cc_Unix_cc_Unix_cc_Unix_cc_Unix_cc.sh~
/home/webonise/assignment/Unix_ashhhhh_Unix_ashhhhh_Unix_ashhhhh_Unix_ashhhhh_Unix_ashhhhh_Unix_ashhhhh_Unix_ashhhhh_Unix_ashhhhh_Unix_ashhhhh_Unix_ashhhhh_Unix_ashhhhh_Unix_ashhhhh_Unix_ashhhhh_Unix_ashhhhh_Unix_ashhhhh_Unix_ashhhhh.sh~
/home/webonise/.bash_history
/home/webonise/.bash_logout
/home/webonise/ash.log
/home/webonise/.profile
/home/webonise/examples.desktop
/home/webonise/demo.txt
/home/webonise/groups
/home/webonise/.xsession-errors
/home/webonise/Downloads/google-chrome-stable_current_amd64.deb
/home/webonise/Downloads/skype-ubuntu-precise_4.3.0.37-1_i386.deb
/home/webonise/.local/share/keyrings/user.keystore
/home/webonise/.local/share/keyrings/user.keystore.43B3TX
/home/webonise/.local/share/keyrings/login.keyring
/home/webonise/.local/share/.converted-launchers
/home/webonise/.local/share/zeitgeist/activity.sqlite-shm
/home/webonise/.local/share/zeitgeist/fts.index/iamchert
/home/webonise/.local/share/zeitgeist/fts.index/termlist.DB
/home/webonise/.local/share/zeitgeist/fts.index/flintlock
/home/webonise/.local/share/zeitgeist/fts.index/postlist.DB
/home/webonise/.local/share/zeitgeist/fts.index/termlist.baseA
/home/webonise/.local/share/zeitgeist/fts.index/record.baseA
/home/webonise/.local/share/zeitgeist/fts.index/position.DB
/home/webonise/.local/share/zeitgeist/fts.index/postlist.baseA
/home/webonise/.local/share/zeitgeist/fts.index/postlist.baseB
/home/webonise/.local/share/zeitgeist/fts.index/position.baseB
/home/webonise/.local/share/zeitgeist/fts.index/record.DB
/home/webonise/.local/share/zeitgeist/fts.index/termlist.baseB
/home/webonise/.local/share/zeitgeist/fts.index/record.baseB
/home/webonise/.local/share/zeitgeist/fts.index/position.baseA
/home/webonise/.local/share/zeitgeist/activity.sqlite
/home/webonise/.local/share/zeitgeist/activity.sqlite-wal
/home/webonise/.local/share/evolution/tasks/system/tasks.ics
/home/webonise/.local/share/evolution/calendar/system/calendar.ics
/home/webonise/.local/share/session_migration-ubuntu
/home/webonise/.local/share/unity-webapps/availableapps-v2.db
/home/webonise/.local/share/recently-used.xbel
/home/webonise/.local/share/telepathy/mission-control/accounts.cfg
/home/webonise/.local/share/gvfs-metadata/home
/home/webonise/.local/share/gvfs-metadata/root-a8c5530a.log
/home/webonise/.local/share/gvfs-metadata/root
/home/webonise/.local/share/gvfs-metadata/home-9b1fb352.log
/home/webonise/.local/share/unity-settings-daemon/input-sources-converted
/home/webonise/.local/share/gsettings-data-convert
/home/webonise/assignment.log~
/home/webonise/Desktop/hiiii~
/home/webonise/Desktop/linux_unix~
/home/webonise/Desktop/ashhhhhhh
/home/webonise/Desktop/yes_ash.sh~
/home/webonise/Desktop/woww~
/home/webonise/Desktop/ash.log
/home/webonise/Desktop/ans
/home/webonise/Desktop/hiiii.sh
/home/webonise/Desktop/cc.sh
/home/webonise/Desktop/linux_unix
/home/webonise/Desktop/Untitled Document
/home/webonise/Desktop/ff~
/home/webonise/Desktop/ashhhhhhh~
/home/webonise/Desktop/woww.sh
/home/webonise/Desktop/yes_ash.sh
/home/webonise/Desktop/ashhhhh
/home/webonise/Desktop/ans~
/home/webonise/Desktop/ashhhhh~
/home/webonise/Desktop/woww.sh~
/home/webonise/Desktop/ash~
/home/webonise/assignment.log
/home/webonise/.xsession-errors.old
/home/webonise/Untitled Document 1
/home/webonise/.bashrc
/home/webonise/.Skype/shared.lck
/home/webonise/.Skype/ashwiniy.webonise/chatsync/48/48a6f9aaaa19c31d.dat
/home/webonise/.Skype/ashwiniy.webonise/chatsync/84/840c922c86568ba7.dat
/home/webonise/.Skype/ashwiniy.webonise/chatsync/c6/c6aa06de49adf121.dat
/home/webonise/.Skype/ashwiniy.webonise/chatsync/b6/b6ec8ecd6da581cc.dat
/home/webonise/.Skype/ashwiniy.webonise/chatsync/59/59ee964f5a597556.dat
/home/webonise/.Skype/ashwiniy.webonise/chatsync/62/62d065ee9a913c71.dat
/home/webonise/.Skype/ashwiniy.webonise/chatsync/7c/7c6c4ee2bafbf535.dat
/home/webonise/.Skype/ashwiniy.webonise/chatsync/5c/5c20388e9cc6b991.dat
/home/webonise/.Skype/ashwiniy.webonise/chatsync/5d/5d0388505d82d65b.dat
/home/webonise/.Skype/ashwiniy.webonise/chatsync/3b/3b1dceb0d8aed63b.dat
/home/webonise/.Skype/ashwiniy.webonise/dc.db
/home/webonise/.Skype/ashwiniy.webonise/keyval.db
/home/webonise/.Skype/ashwiniy.webonise/eas.db
/home/webonise/.Skype/ashwiniy.webonise/msn.db
/home/webonise/.Skype/ashwiniy.webonise/bistats.db
/home/webonise/.Skype/ashwiniy.webonise/httpfe/cookies.dat
/home/webonise/.Skype/ashwiniy.webonise/main.db
/home/webonise/.Skype/ashwiniy.webonise/config.xml
/home/webonise/.Skype/ashwiniy.webonise/config.lck
/home/webonise/.Skype/ashwiniy.webonise/statistics.db
/home/webonise/.Skype/shared_httpfe/queue.db
/home/webonise/.Skype/shared_dynco/dc.db
/home/webonise/.Skype/DataRv/offline-storage.data
/home/webonise/.Skype/shared.xml
/home/webonise/.ICEauthority
/home/webonise/.config/pulse/ee449e0aee65ba5a3318e8b754e0e0b7-device-volumes.tdb
/home/webonise/.config/pulse/ee449e0aee65ba5a3318e8b754e0e0b7-default-source
/home/webonise/.config/pulse/ee449e0aee65ba5a3318e8b754e0e0b7-default-sink
/home/webonise/.config/pulse/ee449e0aee65ba5a3318e8b754e0e0b7-stream-volumes.tdb
/home/webonise/.config/pulse/cookie
/home/webonise/.config/pulse/ee449e0aee65ba5a3318e8b754e0e0b7-card-database.tdb
/home/webonise/.config/Trolltech.conf
/home/webonise/.config/software-center/softwarecenter.cfg
/home/webonise/.config/dconf/user
/home/webonise/.config/gtk-3.0/bookmarks
/home/webonise/.config/update-notifier/hooks_seen
/home/webonise/.config/compiz-1/compizconfig/done_upgrades
/home/webonise/.config/compiz-1/compizconfig/config
/home/webonise/.config/gedit/accels
/home/webonise/.config/user-dirs.dirs
/home/webonise/.config/nautilus/accels
/home/webonise/.config/nautilus/desktop-metadata
/home/webonise/.config/enchant/en.exc
/home/webonise/.config/enchant/en.dic
/home/webonise/.config/user-dirs.locale
/home/webonise/.config/ibus/bus/ee449e0aee65ba5a3318e8b754e0e0b7-unix-0
/home/webonise/.config/libaccounts-glib/accounts.db
/home/webonise/.compiz/session/105c63f20a5b41c23f142420826553102000000050150001
/home/webonise/.compiz/session/10cacae87a5f9dd4cd142402379641867900000019290001
/home/webonise/.compiz/session/10dc0b6e87452c560414241925807928400000034330001
/home/webonise/.compiz/session/10d34cac5e71678963142418164798067700000016070001
/home/webonise/.dmrc
Wed Feb 18 12:58:23 IST 2015
