total 60
-rw-rw-r-- 1 webonise webonise    0 Feb 18 09:18 aa_aa.log
-rw-rw-r-- 1 webonise webonise    0 Feb 18 09:23 arc_arc_arc_arc.txt
-rw-rw-r-- 1 webonise webonise    0 Feb 18 09:18 as_as_as_as.txt
-rw-rw-r-- 1 webonise webonise    0 Feb 18 09:31 assi.log
-rw-rw-r-- 1 webonise webonise   65 Feb 18 09:20 aw_aw.sh
-rw-rw-r-- 1 webonise webonise   65 Feb 18 09:20 aw_aw.sh~
-rw-rw-r-- 1 webonise webonise 2317 Feb 18 04:10 bb.log
-rw-rw-r-- 1 webonise webonise  220 Feb 18 04:30 gg.sh
-rw-rw-r-- 1 webonise webonise    0 Feb 18 04:51 hh.sh
-rw-rw-r-- 1 webonise webonise   63 Feb 18 05:29 mm.sh
-rw-rw-r-- 1 webonise webonise    0 Feb 18 08:57 ren
-rw-rw-r-- 1 webonise webonise    0 Feb 18 04:47 ss_ss_ss_ss_ss_ss_ss_ss_ss_ss_ss_ss_ss_ss_ss_ss_ss_ss_ss_ss_ss_ss_ss_ss_ss_ss_ss_ss_ss_ss_ss_ss.txt
-rw-rw-r-- 1 webonise webonise   52 Feb 18 05:25 Unix_ashhhhh_Unix_ashhhhh_Unix_ashhhhh_Unix_ashhhhh_Unix_ashhhhh_Unix_ashhhhh_Unix_ashhhhh_Unix_ashhhhh_Unix_ashhhhh_Unix_ashhhhh_Unix_ashhhhh_Unix_ashhhhh_Unix_ashhhhh_Unix_ashhhhh_Unix_ashhhhh_Unix_ashhhhh.sh~
-rwxr-xr-x 1 webonise webonise   81 Feb 18 04:42 Unix_cc_Unix_cc_Unix_cc_Unix_cc_Unix_cc_Unix_cc_Unix_cc_Unix_cc_Unix_cc_Unix_cc_Unix_cc_Unix_cc_Unix_cc_Unix_cc_Unix_cc_Unix_cc.sh~
-rw-rw-r-- 1 webonise webonise    0 Feb 18 04:31 Unix_gg_Unix_gg_Unix_gg_Unix_gg_Unix_gg_Unix_gg_Unix_gg_Unix_gg_Unix_gg_Unix_gg_Unix_gg_Unix_gg_Unix_gg_Unix_gg_Unix_gg_Unix_gg.txt~
-rw-rw-r-- 1 webonise webonise    0 Feb 18 09:11 Unix_ss_Unix_ss.sh
-rw-rw-r-- 1 webonise webonise   98 Feb 18 09:25 woww (copy).sh~
-rw-rw-r-- 1 webonise webonise   98 Feb 18 09:25 woww.sh
-rw-rw-r-- 1 webonise webonise  101 Feb 18 08:55 woww.sh~
-rw-rw-r-- 1 webonise webonise   98 Feb 18 09:11 woww_woww.sh
-rw-rw-r-- 1 webonise webonise  112 Feb 18 08:50 woww_woww.sh~
-rw-rw-r-- 1 webonise webonise  108 Feb 18 08:48 woww_woww_woww_woww.sh~
-rw-rw-r-- 1 webonise webonise  135 Feb 18 08:45 woww_woww_woww_woww_woww_woww_woww_woww_woww_woww_woww_woww_woww_woww_woww_woww.sh~
-rw-rw-r-- 1 webonise webonise  101 Feb 18 09:26 ww.sh
